  main.cpp
C:\Users\Usuario\OneDrive\Desktop\Fundamentos_2\headers\engine\IOManager.inl(11,15): warning C4244: 'inicializando': conversión de 'std::streamoff' a 'int'; posible pérdida de datos
C:\Users\Usuario\OneDrive\Desktop\Fundamentos_2\headers\engine\IOManager.inl(14,24): warning C4244: '-=': conversión de 'std::streamoff' a 'int'; posible pérdida de datos
C:\Users\Usuario\OneDrive\Desktop\Fundamentos_2\headers\resources\ImageLoader.inl(30,19): warning C4244: '=': conversión de 'unsigned long' a 'float'; posible pérdida de datos
C:\Users\Usuario\OneDrive\Desktop\Fundamentos_2\headers\resources\ImageLoader.inl(31,18): warning C4244: '=': conversión de 'unsigned long' a 'float'; posible pérdida de datos
C:\Users\Usuario\OneDrive\Desktop\Fundamentos_2\headers\engine\Level.h(35,1): warning C4267: 'return': conversión de 'size_t' a 'int'; posible pérdida de datos
C:\Users\Usuario\OneDrive\Desktop\Fundamentos_2\headers\engine\Level.h(39,1): warning C4267: 'return': conversión de 'size_t' a 'int'; posible pérdida de datos
C:\Users\Usuario\OneDrive\Desktop\Fundamentos_2\headers\engine\Level.inl(58,27): warning C4244: '=': conversión de 'int' a 'T'; posible pérdida de datos
          with
          [
              T=float
          ]
C:\Users\Usuario\OneDrive\Desktop\Fundamentos_2\headers\engine\Level.inl(59,27): warning C4244: '=': conversión de 'int' a 'T'; posible pérdida de datos
          with
          [
              T=float
          ]
C:\Users\Usuario\OneDrive\Desktop\Fundamentos_2\headers\world\Agent.inl(40,25): warning C4244: 'argumento': conversión de 'T' a 'const unsigned __int64'; posible pérdida de datos
          with
          [
              T=float
          ]
C:\Users\Usuario\OneDrive\Desktop\Fundamentos_2\headers\world\Agent.inl(40,38): warning C4244: 'argumento': conversión de 'T' a 'const unsigned __int64'; posible pérdida de datos
          with
          [
              T=float
          ]
C:\Users\Usuario\OneDrive\Desktop\Fundamentos_2\headers\world\Human.inl(15,39): warning C4244: 'argumento': conversión de 'time_t' a 'unsigned int'; posible pérdida de datos
C:\Users\Usuario\OneDrive\Desktop\Fundamentos_2\headers\MainGame.inl(21,32): warning C4244: 'argumento': conversión de 'time_t' a 'unsigned int'; posible pérdida de datos
C:\Users\Usuario\OneDrive\Desktop\Fundamentos_2\headers\MainGame.inl(94,61): warning C4244: 'argumento': conversión de 'Sint32' a 'float'; posible pérdida de datos
C:\Users\Usuario\OneDrive\Desktop\Fundamentos_2\headers\MainGame.inl(94,46): warning C4244: 'argumento': conversión de 'Sint32' a 'float'; posible pérdida de datos
main.obj : error LNK2019: símbolo externo SDL_CreateWindow sin resolver al que se hace referencia en la función "public: int __cdecl Window::create(class std::basic_string<char,struct std::char_traits<char>,class std::allocator<char> >,int,int,unsigned int)" (?create@Window@@QEAAHV?$basic_string@DU?$char_traits@D@std@@V?$allocator@D@2@@std@@HHI@Z)
main.obj : error LNK2019: símbolo externo SDL_GL_SetAttribute sin resolver al que se hace referencia en la función "int __cdecl Papu::init(void)" (?init@Papu@@YAHXZ)
main.obj : error LNK2019: símbolo externo SDL_GL_CreateContext sin resolver al que se hace referencia en la función "public: int __cdecl Window::create(class std::basic_string<char,struct std::char_traits<char>,class std::allocator<char> >,int,int,unsigned int)" (?create@Window@@QEAAHV?$basic_string@DU?$char_traits@D@std@@V?$allocator@D@2@@std@@HHI@Z)
main.obj : error LNK2019: símbolo externo SDL_GL_SetSwapInterval sin resolver al que se hace referencia en la función "public: int __cdecl Window::create(class std::basic_string<char,struct std::char_traits<char>,class std::allocator<char> >,int,int,unsigned int)" (?create@Window@@QEAAHV?$basic_string@DU?$char_traits@D@std@@V?$allocator@D@2@@std@@HHI@Z)
main.obj : error LNK2019: símbolo externo SDL_GL_SwapWindow sin resolver al que se hace referencia en la función "public: void __cdecl Window::swapBuffer(void)" (?swapBuffer@Window@@QEAAXXZ)
main.obj : error LNK2019: símbolo externo SDL_PollEvent sin resolver al que se hace referencia en la función "private: void __cdecl MainGame::procesInput(void)" (?procesInput@MainGame@@AEAAXXZ)
main.obj : error LNK2019: símbolo externo SDL_Init sin resolver al que se hace referencia en la función "int __cdecl Papu::init(void)" (?init@Papu@@YAHXZ)
main.obj : error LNK2019: símbolo externo __imp_glewInit sin resolver al que se hace referencia en la función "public: int __cdecl Window::create(class std::basic_string<char,struct std::char_traits<char>,class std::allocator<char> >,int,int,unsigned int)" (?create@Window@@QEAAHV?$basic_string@DU?$char_traits@D@std@@V?$allocator@D@2@@std@@HHI@Z)
main.obj : error LNK2019: símbolo externo __imp___glewActiveTexture sin resolver al que se hace referencia en la función "public: void __cdecl MainGame::draw(void)" (?draw@MainGame@@QEAAXXZ)
main.obj : error LNK2019: símbolo externo __imp___glewBindBuffer sin resolver al que se hace referencia en la función "private: void __cdecl SpriteBacth::createRenderBatches(void)" (?createRenderBatches@SpriteBacth@@AEAAXXZ)
main.obj : error LNK2019: símbolo externo __imp___glewBufferData sin resolver al que se hace referencia en la función "private: void __cdecl SpriteBacth::createRenderBatches(void)" (?createRenderBatches@SpriteBacth@@AEAAXXZ)
main.obj : error LNK2019: símbolo externo __imp___glewBufferSubData sin resolver al que se hace referencia en la función "private: void __cdecl SpriteBacth::createRenderBatches(void)" (?createRenderBatches@SpriteBacth@@AEAAXXZ)
main.obj : error LNK2019: símbolo externo __imp___glewGenBuffers sin resolver al que se hace referencia en la función "private: void __cdecl SpriteBacth::createVertexArray(void)" (?createVertexArray@SpriteBacth@@AEAAXXZ)
main.obj : error LNK2019: símbolo externo __imp___glewAttachShader sin resolver al que se hace referencia en la función "public: void __cdecl GLS_Program::linkShader(void)" (?linkShader@GLS_Program@@QEAAXXZ)
main.obj : error LNK2019: símbolo externo __imp___glewBindAttribLocation sin resolver al que se hace referencia en la función "public: void __cdecl GLS_Program::addAtribute(class std::basic_string<char,struct std::char_traits<char>,class std::allocator<char> >)" (?addAtribute@GLS_Program@@QEAAXV?$basic_string@DU?$char_traits@D@std@@V?$allocator@D@2@@std@@@Z)
main.obj : error LNK2019: símbolo externo __imp___glewCompileShader sin resolver al que se hace referencia en la función "private: void __cdecl GLS_Program::compileShader(class std::basic_string<char,struct std::char_traits<char>,class std::allocator<char> > const &,unsigned int)" (?compileShader@GLS_Program@@AEAAXAEBV?$basic_string@DU?$char_traits@D@std@@V?$allocator@D@2@@std@@I@Z)
main.obj : error LNK2019: símbolo externo __imp___glewCreateProgram sin resolver al que se hace referencia en la función "public: void __cdecl GLS_Program::compileShaders(class std::basic_string<char,struct std::char_traits<char>,class std::allocator<char> > const &,class std::basic_string<char,struct std::char_traits<char>,class std::allocator<char> > const &)" (?compileShaders@GLS_Program@@QEAAXAEBV?$basic_string@DU?$char_traits@D@std@@V?$allocator@D@2@@std@@0@Z)
main.obj : error LNK2019: símbolo externo __imp___glewCreateShader sin resolver al que se hace referencia en la función "public: void __cdecl GLS_Program::compileShaders(class std::basic_string<char,struct std::char_traits<char>,class std::allocator<char> > const &,class std::basic_string<char,struct std::char_traits<char>,class std::allocator<char> > const &)" (?compileShaders@GLS_Program@@QEAAXAEBV?$basic_string@DU?$char_traits@D@std@@V?$allocator@D@2@@std@@0@Z)
main.obj : error LNK2019: símbolo externo __imp___glewDeleteProgram sin resolver al que se hace referencia en la función "public: void __cdecl GLS_Program::linkShader(void)" (?linkShader@GLS_Program@@QEAAXXZ)
main.obj : error LNK2019: símbolo externo __imp___glewDeleteShader sin resolver al que se hace referencia en la función "private: void __cdecl GLS_Program::compileShader(class std::basic_string<char,struct std::char_traits<char>,class std::allocator<char> > const &,unsigned int)" (?compileShader@GLS_Program@@AEAAXAEBV?$basic_string@DU?$char_traits@D@std@@V?$allocator@D@2@@std@@I@Z)
main.obj : error LNK2019: símbolo externo __imp___glewDetachShader sin resolver al que se hace referencia en la función "public: void __cdecl GLS_Program::linkShader(void)" (?linkShader@GLS_Program@@QEAAXXZ)
main.obj : error LNK2019: símbolo externo __imp___glewDisableVertexAttribArray sin resolver al que se hace referencia en la función "public: void __cdecl GLS_Program::unuse(void)" (?unuse@GLS_Program@@QEAAXXZ)
main.obj : error LNK2019: símbolo externo __imp___glewEnableVertexAttribArray sin resolver al que se hace referencia en la función "private: void __cdecl SpriteBacth::createVertexArray(void)" (?createVertexArray@SpriteBacth@@AEAAXXZ)
main.obj : error LNK2019: símbolo externo __imp___glewGetProgramInfoLog sin resolver al que se hace referencia en la función "public: void __cdecl GLS_Program::linkShader(void)" (?linkShader@GLS_Program@@QEAAXXZ)
main.obj : error LNK2019: símbolo externo __imp___glewGetProgramiv sin resolver al que se hace referencia en la función "public: void __cdecl GLS_Program::linkShader(void)" (?linkShader@GLS_Program@@QEAAXXZ)
main.obj : error LNK2019: símbolo externo __imp___glewGetShaderInfoLog sin resolver al que se hace referencia en la función "private: void __cdecl GLS_Program::compileShader(class std::basic_string<char,struct std::char_traits<char>,class std::allocator<char> > const &,unsigned int)" (?compileShader@GLS_Program@@AEAAXAEBV?$basic_string@DU?$char_traits@D@std@@V?$allocator@D@2@@std@@I@Z)
main.obj : error LNK2019: símbolo externo __imp___glewGetShaderiv sin resolver al que se hace referencia en la función "private: void __cdecl GLS_Program::compileShader(class std::basic_string<char,struct std::char_traits<char>,class std::allocator<char> > const &,unsigned int)" (?compileShader@GLS_Program@@AEAAXAEBV?$basic_string@DU?$char_traits@D@std@@V?$allocator@D@2@@std@@I@Z)
main.obj : error LNK2019: símbolo externo __imp___glewGetUniformLocation sin resolver al que se hace referencia en la función "public: unsigned int __cdecl GLS_Program::getUniformLocation(class std::basic_string<char,struct std::char_traits<char>,class std::allocator<char> > const &)" (?getUniformLocation@GLS_Program@@QEAAIAEBV?$basic_string@DU?$char_traits@D@std@@V?$allocator@D@2@@std@@@Z)
main.obj : error LNK2019: símbolo externo __imp___glewLinkProgram sin resolver al que se hace referencia en la función "public: void __cdecl GLS_Program::linkShader(void)" (?linkShader@GLS_Program@@QEAAXXZ)
main.obj : error LNK2019: símbolo externo __imp___glewShaderSource sin resolver al que se hace referencia en la función "private: void __cdecl GLS_Program::compileShader(class std::basic_string<char,struct std::char_traits<char>,class std::allocator<char> > const &,unsigned int)" (?compileShader@GLS_Program@@AEAAXAEBV?$basic_string@DU?$char_traits@D@std@@V?$allocator@D@2@@std@@I@Z)
main.obj : error LNK2019: símbolo externo __imp___glewUniform1i sin resolver al que se hace referencia en la función "public: void __cdecl MainGame::draw(void)" (?draw@MainGame@@QEAAXXZ)
main.obj : error LNK2019: símbolo externo __imp___glewUniformMatrix4fv sin resolver al que se hace referencia en la función "public: void __cdecl MainGame::draw(void)" (?draw@MainGame@@QEAAXXZ)
main.obj : error LNK2019: símbolo externo __imp___glewUseProgram sin resolver al que se hace referencia en la función "public: void __cdecl GLS_Program::unuse(void)" (?unuse@GLS_Program@@QEAAXXZ)
main.obj : error LNK2019: símbolo externo __imp___glewVertexAttribPointer sin resolver al que se hace referencia en la función "private: void __cdecl SpriteBacth::createVertexArray(void)" (?createVertexArray@SpriteBacth@@AEAAXXZ)
main.obj : error LNK2019: símbolo externo __imp___glewGenerateMipmap sin resolver al que se hace referencia en la función "public: static struct GLTexture __cdecl ImageLoader::loadPNG(class std::basic_string<char,struct std::char_traits<char>,class std::allocator<char> >)" (?loadPNG@ImageLoader@@SA?AUGLTexture@@V?$basic_string@DU?$char_traits@D@std@@V?$allocator@D@2@@std@@@Z)
main.obj : error LNK2019: símbolo externo __imp___glewBindVertexArray sin resolver al que se hace referencia en la función "private: void __cdecl SpriteBacth::createVertexArray(void)" (?createVertexArray@SpriteBacth@@AEAAXXZ)
main.obj : error LNK2019: símbolo externo __imp___glewGenVertexArrays sin resolver al que se hace referencia en la función "private: void __cdecl SpriteBacth::createVertexArray(void)" (?createVertexArray@SpriteBacth@@AEAAXXZ)
MSVCRTD.lib(exe_main.obj) : error LNK2019: símbolo externo main sin resolver al que se hace referencia en la función "int __cdecl invoke_main(void)" (?invoke_main@@YAHXZ)
dependencies\libs\SDL2.lib : warning LNK4272: el tipo de máquina de biblioteca 'x86' está en conflicto con el tipo de máquina de destino 'x64'
dependencies\libs\SDL2main.lib : warning LNK4272: el tipo de máquina de biblioteca 'x86' está en conflicto con el tipo de máquina de destino 'x64'
dependencies\libs\SDL2test.lib : warning LNK4272: el tipo de máquina de biblioteca 'x86' está en conflicto con el tipo de máquina de destino 'x64'
dependencies\libs\glew32.lib : warning LNK4272: el tipo de máquina de biblioteca 'x86' está en conflicto con el tipo de máquina de destino 'x64'
dependencies\libs\glew32s.lib : warning LNK4272: el tipo de máquina de biblioteca 'x86' está en conflicto con el tipo de máquina de destino 'x64'
C:\Users\Usuario\OneDrive\Desktop\Fundamentos_2\x64\Debug\Fundamentos_2.exe : fatal error LNK1120: 38 externos sin resolver
